make test --dry-run --keep-going --print-directory
make: Entering directory '/home/dcavalei/Desktop/ft_containers'
 
mkdir -pv obj/test/
clang++ -Wall -Wextra -Werror -std=c++98 -D_IS_TEST -Iinc -c test/test_default_ctor.cpp -o obj/test/test_default_ctor.o
clang++ -Wall -Wextra -Werror -std=c++98 obj/test/test_default_ctor.o -o obj/test/test_default_ctor_ft
./obj/test/test_default_ctor_ft > obj/test/test_default_ctor_ft.log
clang++ -Wall -Wextra -Werror -std=c++11 -Iinc -c test/test_default_ctor.cpp -o obj/test/test_default_ctor.o
clang++ -Wall -Wextra -Werror -std=c++11 obj/test/test_default_ctor.o -o obj/test/test_default_ctor_std
./obj/test/test_default_ctor_std > obj/test/test_default_ctor_std.log
(diff obj/test/test_default_ctor_std.log obj/test/test_default_ctor_ft.log > obj/test/test_default_ctor.diff && printf "\033[0;32mobj/test/test_default_ctor.diff\033[0m\n" && rm obj/test/test_default_ctor.diff) \
			|| (printf "\033[0;31mobj/test/test_default_ctor.diff\033[0m\n" && cat obj/test/test_default_ctor.diff)
printf "\033[0;43;30m[ ----- Time ----- ]\033[0m\n"
(time ./obj/test/test_default_ctor_std > /dev/null) 2>&1 | grep "real" | sed 's/real/std/'
(time ./obj/test/test_default_ctor_ft > /dev/null) 2>&1 | grep "real" | sed 's/real/ft /'
mkdir -pv obj/test/
clang++ -Wall -Wextra -Werror -std=c++98 -D_IS_TEST -Iinc -c test/test_reserve.cpp -o obj/test/test_reserve.o
clang++ -Wall -Wextra -Werror -std=c++98 obj/test/test_reserve.o -o obj/test/test_reserve_ft
./obj/test/test_reserve_ft > obj/test/test_reserve_ft.log
clang++ -Wall -Wextra -Werror -std=c++11 -Iinc -c test/test_reserve.cpp -o obj/test/test_reserve.o
clang++ -Wall -Wextra -Werror -std=c++11 obj/test/test_reserve.o -o obj/test/test_reserve_std
./obj/test/test_reserve_std > obj/test/test_reserve_std.log
(diff obj/test/test_reserve_std.log obj/test/test_reserve_ft.log > obj/test/test_reserve.diff && printf "\033[0;32mobj/test/test_reserve.diff\033[0m\n" && rm obj/test/test_reserve.diff) \
			|| (printf "\033[0;31mobj/test/test_reserve.diff\033[0m\n" && cat obj/test/test_reserve.diff)
printf "\033[0;43;30m[ ----- Time ----- ]\033[0m\n"
(time ./obj/test/test_reserve_std > /dev/null) 2>&1 | grep "real" | sed 's/real/std/'
(time ./obj/test/test_reserve_ft > /dev/null) 2>&1 | grep "real" | sed 's/real/ft /'
mkdir -pv obj/test/
clang++ -Wall -Wextra -Werror -std=c++98 -D_IS_TEST -Iinc -c test/test_lexicographical_compare.cpp -o obj/test/test_lexicographical_compare.o
clang++ -Wall -Wextra -Werror -std=c++98 obj/test/test_lexicographical_compare.o -o obj/test/test_lexicographical_compare_ft
./obj/test/test_lexicographical_compare_ft > obj/test/test_lexicographical_compare_ft.log
clang++ -Wall -Wextra -Werror -std=c++11 -Iinc -c test/test_lexicographical_compare.cpp -o obj/test/test_lexicographical_compare.o
clang++ -Wall -Wextra -Werror -std=c++11 obj/test/test_lexicographical_compare.o -o obj/test/test_lexicographical_compare_std
./obj/test/test_lexicographical_compare_std > obj/test/test_lexicographical_compare_std.log
(diff obj/test/test_lexicographical_compare_std.log obj/test/test_lexicographical_compare_ft.log > obj/test/test_lexicographical_compare.diff && printf "\033[0;32mobj/test/test_lexicographical_compare.diff\033[0m\n" && rm obj/test/test_lexicographical_compare.diff) \
			|| (printf "\033[0;31mobj/test/test_lexicographical_compare.diff\033[0m\n" && cat obj/test/test_lexicographical_compare.diff)
printf "\033[0;43;30m[ ----- Time ----- ]\033[0m\n"
(time ./obj/test/test_lexicographical_compare_std > /dev/null) 2>&1 | grep "real" | sed 's/real/std/'
(time ./obj/test/test_lexicographical_compare_ft > /dev/null) 2>&1 | grep "real" | sed 's/real/ft /'
mkdir -pv obj/test/
clang++ -Wall -Wextra -Werror -std=c++98 -D_IS_TEST -Iinc -c test/test_range_ctor.cpp -o obj/test/test_range_ctor.o
clang++ -Wall -Wextra -Werror -std=c++98 obj/test/test_range_ctor.o -o obj/test/test_range_ctor_ft
./obj/test/test_range_ctor_ft > obj/test/test_range_ctor_ft.log
clang++ -Wall -Wextra -Werror -std=c++11 -Iinc -c test/test_range_ctor.cpp -o obj/test/test_range_ctor.o
clang++ -Wall -Wextra -Werror -std=c++11 obj/test/test_range_ctor.o -o obj/test/test_range_ctor_std
./obj/test/test_range_ctor_std > obj/test/test_range_ctor_std.log
(diff obj/test/test_range_ctor_std.log obj/test/test_range_ctor_ft.log > obj/test/test_range_ctor.diff && printf "\033[0;32mobj/test/test_range_ctor.diff\033[0m\n" && rm obj/test/test_range_ctor.diff) \
			|| (printf "\033[0;31mobj/test/test_range_ctor.diff\033[0m\n" && cat obj/test/test_range_ctor.diff)
printf "\033[0;43;30m[ ----- Time ----- ]\033[0m\n"
(time ./obj/test/test_range_ctor_std > /dev/null) 2>&1 | grep "real" | sed 's/real/std/'
(time ./obj/test/test_range_ctor_ft > /dev/null) 2>&1 | grep "real" | sed 's/real/ft /'
mkdir -pv obj/test/
clang++ -Wall -Wextra -Werror -std=c++98 -D_IS_TEST -Iinc -c test/test_equal.cpp -o obj/test/test_equal.o
clang++ -Wall -Wextra -Werror -std=c++98 obj/test/test_equal.o -o obj/test/test_equal_ft
./obj/test/test_equal_ft > obj/test/test_equal_ft.log
clang++ -Wall -Wextra -Werror -std=c++11 -Iinc -c test/test_equal.cpp -o obj/test/test_equal.o
clang++ -Wall -Wextra -Werror -std=c++11 obj/test/test_equal.o -o obj/test/test_equal_std
./obj/test/test_equal_std > obj/test/test_equal_std.log
(diff obj/test/test_equal_std.log obj/test/test_equal_ft.log > obj/test/test_equal.diff && printf "\033[0;32mobj/test/test_equal.diff\033[0m\n" && rm obj/test/test_equal.diff) \
			|| (printf "\033[0;31mobj/test/test_equal.diff\033[0m\n" && cat obj/test/test_equal.diff)
printf "\033[0;43;30m[ ----- Time ----- ]\033[0m\n"
(time ./obj/test/test_equal_std > /dev/null) 2>&1 | grep "real" | sed 's/real/std/'
(time ./obj/test/test_equal_ft > /dev/null) 2>&1 | grep "real" | sed 's/real/ft /'
mkdir -pv obj/test/
clang++ -Wall -Wextra -Werror -std=c++98 -D_IS_TEST -Iinc -c test/test_copy_ctor.cpp -o obj/test/test_copy_ctor.o
clang++ -Wall -Wextra -Werror -std=c++98 obj/test/test_copy_ctor.o -o obj/test/test_copy_ctor_ft
./obj/test/test_copy_ctor_ft > obj/test/test_copy_ctor_ft.log
clang++ -Wall -Wextra -Werror -std=c++11 -Iinc -c test/test_copy_ctor.cpp -o obj/test/test_copy_ctor.o
 
clang++ -Wall -Wextra -Werror -std=c++11 obj/test/test_copy_ctor.o -o obj/test/test_copy_ctor_std
./obj/test/test_copy_ctor_std > obj/test/test_copy_ctor_std.log
(diff obj/test/test_copy_ctor_std.log obj/test/test_copy_ctor_ft.log > obj/test/test_copy_ctor.diff && printf "\033[0;32mobj/test/test_copy_ctor.diff\033[0m\n" && rm obj/test/test_copy_ctor.diff) \
			|| (printf "\033[0;31mobj/test/test_copy_ctor.diff\033[0m\n" && cat obj/test/test_copy_ctor.diff)
printf "\033[0;43;30m[ ----- Time ----- ]\033[0m\n"
(time ./obj/test/test_copy_ctor_std > /dev/null) 2>&1 | grep "real" | sed 's/real/std/'
(time ./obj/test/test_copy_ctor_ft > /dev/null) 2>&1 | grep "real" | sed 's/real/ft /'
mkdir -pv obj/test/
clang++ -Wall -Wextra -Werror -std=c++98 -D_IS_TEST -Iinc -c test/test_fill_ctor.cpp -o obj/test/test_fill_ctor.o
clang++ -Wall -Wextra -Werror -std=c++98 obj/test/test_fill_ctor.o -o obj/test/test_fill_ctor_ft
./obj/test/test_fill_ctor_ft > obj/test/test_fill_ctor_ft.log
clang++ -Wall -Wextra -Werror -std=c++11 -Iinc -c test/test_fill_ctor.cpp -o obj/test/test_fill_ctor.o
clang++ -Wall -Wextra -Werror -std=c++11 obj/test/test_fill_ctor.o -o obj/test/test_fill_ctor_std
./obj/test/test_fill_ctor_std > obj/test/test_fill_ctor_std.log
(diff obj/test/test_fill_ctor_std.log obj/test/test_fill_ctor_ft.log > obj/test/test_fill_ctor.diff && printf "\033[0;32mobj/test/test_fill_ctor.diff\033[0m\n" && rm obj/test/test_fill_ctor.diff) \
			|| (printf "\033[0;31mobj/test/test_fill_ctor.diff\033[0m\n" && cat obj/test/test_fill_ctor.diff)
printf "\033[0;43;30m[ ----- Time ----- ]\033[0m\n"
(time ./obj/test/test_fill_ctor_std > /dev/null) 2>&1 | grep "real" | sed 's/real/std/'
(time ./obj/test/test_fill_ctor_ft > /dev/null) 2>&1 | grep "real" | sed 's/real/ft /'
make: Leaving directory '/home/dcavalei/Desktop/ft_containers'
 
