make all --print-data-base --no-builtin-variables --no-builtin-rules --question
# GNU Make 3.81
# Copyright (C) 2006  Free Software Foundation, Inc.
# This is free software; see the source for copying conditions.
# There is NO warranty; not even for MERCHANTABILITY or FITNESS FOR A
# PARTICULAR PURPOSE.

# This program built for i386-apple-darwin11.3.0

# Make data base, printed on Fri Oct 22 14:54:38 2021

# Variables

# automatic
<D = $(patsubst %/,%,$(dir $<))
# automatic
?F = $(notdir $?)
# makefile (from `Makefile', line 3)
OBJ = $(SRC:%.cpp=obj/%.o)
# makefile (from `Makefile', line 1)
SRC = $(subst src/,, $(shell find src -type f -name "*.cpp"))
# environment
VSCODE_LOG_NATIVE = false
# automatic
?D = $(patsubst %/,%,$(dir $?))
# automatic
@D = $(patsubst %/,%,$(dir $@))
# automatic
@F = $(notdir $@)
# makefile
CURDIR := /Users/dcavalei/Desktop/ft_containers
# makefile
SHELL = /bin/sh
# environment
VSCODE_NLS_CONFIG = {"locale":"en-us","availableLanguages":{},"_languagePackSupport":true}
# environment
_ = /usr/bin/make
# makefile (from `Makefile', line 5)
CFLAGS = -Wall -Wextra -Werror -std=c++98 -Iinc
# makefile (from `Makefile', line 1)
MAKEFILE_LIST :=  Makefile
# environment
VSCODE_NODE_CACHED_DATA_DIR = /Users/dcavalei/Library/Application Support/Code/CachedData/b4c1bd0a9b03c749ea011b06c6d2676c8091a70c
# environment
VSCODE_VERBOSE_LOGGING = true
# environment
VSCODE_IPC_HOOK_EXTHOST = /var/folders/zz/zyxvpxvq6csfxvn_n00017l80009wt/T/vscode-ipc-3e8f7f68-29c4-4894-828c-edd8305aa818.sock
# environment
VSCODE_CWD = /Users/dcavalei/Desktop/ft_containers
# environment
PATH = /Users/dcavalei/.brew/bin:/usr/local/bin:/usr/bin:/bin:/usr/sbin:/sbin:/usr/local/munki:/Applications/Visual Studio Code.app/Contents/Resources/app/bin
# environment
LSCOLORS = Gxfxcxdxbxegedabagacad
# environment
LaunchInstanceID = CE416638-D83C-4303-9BEB-95BEC159BA77
# environment
VSCODE_LOG_STACK = false
# environment
ELECTRON_RUN_AS_NODE = 1
# default
.FEATURES := target-specific order-only second-expansion else-if archives jobserver check-symlink
# environment
SSH_AUTH_SOCK = /private/tmp/com.apple.launchd.ng5F4EjxoP/Listeners
# automatic
%F = $(notdir $%)
# environment
HOMEBREW_TEMP = /tmp/dcavalei/Homebrew/Temp
# environment
VSCODE_PIPE_LOGGING = true
# environment
PWD = /Users/dcavalei/Desktop/ft_containers
# environment
ORIGINAL_XDG_CURRENT_DESKTOP = undefined
# environment
VSCODE_AMD_ENTRYPOINT = vs/workbench/services/extensions/node/extensionHostProcess
# environment
HOME = /Users/dcavalei
# default
MAKEFILEPATH := /Applications/Xcode.app/Contents/Developer/Makefiles
# environment
LOGNAME = dcavalei
# environment
APPLICATION_INSIGHTS_NO_DIAGNOSTIC_CHANNEL = true
# environment
ZSH = /Users/dcavalei/.oh-my-zsh
# environment
VSCODE_HANDLES_UNCAUGHT_ERRORS = true
# automatic
^D = $(patsubst %/,%,$(dir $^))
# environment
XPC_FLAGS = 0x0
# environment
COLORTERM = truecolor
# default
MAKE = $(MAKE_COMMAND)
# default
MAKECMDGOALS := all
# environment
HOMEBREW_CACHE = /tmp/dcavalei/Homebrew/Caches
# environment
SHLVL = 2
# makefile (from `Makefile', line 4)
CC = clang++
# default
MAKE_VERSION := 3.81
# environment
USER = dcavalei
# makefile
.DEFAULT_GOAL := all
# environment
TERM_SESSION_ID = w0t0p0:84B74EAC-38DD-4ACC-8CCE-476876A2A6EA
# makefile (from `Makefile', line 6)
NAME = main.out
# environment
LESS = -R
# automatic
%D = $(patsubst %/,%,$(dir $%))
# default
MAKE_COMMAND := /Applications/Xcode.app/Contents/Developer/usr/bin/make
# makefile (from `Makefile', line 2)
INC = $(shell find inc -type f -name "*.hpp")
# environment
TERM_PROGRAM = iTerm.app
# default
.VARIABLES := 
# environment
TMPDIR = /var/folders/zz/zyxvpxvq6csfxvn_n00017l80009wt/T/
# automatic
*F = $(notdir $*)
# environment
VSCODE_IPC_HOOK = /Users/dcavalei/Library/Application Support/Code/1.57.0-main.sock
# makefile
MAKEFLAGS = Rrqp
# environment
MFLAGS = -Rrqp
# automatic
*D = $(patsubst %/,%,$(dir $*))
# environment
TERM_PROGRAM_VERSION = 3.2.5
# environment
XPC_SERVICE_NAME = com.microsoft.VSCode.2120.CE37D22D-CFA7-420E-8E32-35F9B58C3CBF
# automatic
+D = $(patsubst %/,%,$(dir $+))
# automatic
+F = $(notdir $+)
# environment
ITERM_SESSION_ID = w0t0p0:84B74EAC-38DD-4ACC-8CCE-476876A2A6EA
# environment
COLORFGBG = 7;0
# environment
__CF_USER_TEXT_ENCODING = 0x279A:0x0:0x0
# environment
COMMAND_MODE = unix2003
# default
MAKEFILES := 
# automatic
<F = $(notdir $<)
# environment
ITERM_PROFILE = Default
# environment
PAGER = less
# environment
LC_ALL = C
# environment
SECURITYSESSIONID = 187f0
# automatic
^F = $(notdir $^)
# default
SUFFIXES := 
# default
.INCLUDE_DIRS = /usr/local/include
# environment
MAKELEVEL := 0
# environment
LANG = C
# environment
TERM = xterm-256color
# environment
VSCODE_PID = 18121
# variable set hash-table stats:
# Load=83/1024=8%, Rehash=0, Collisions=3/120=2%

# Pattern-specific Variable Values

# No pattern-specific variable values.

# Directories

# . (device 16777225, inode 415052): 14 files, no impossibilities.
# src (device 16777225, inode 420677): 3 files, no impossibilities so far.
# inc (device 16777225, inode 420678): 4 files, no impossibilities so far.

# 21 files, no impossibilities in 3 directories.

# Implicit Rules

obj/%.o: src/%.cpp inc/test.hpp inc/vector.hpp
#  commands to execute (from `Makefile', line 11):
	@mkdir -pv $(dir $@)
	@$(CC) $(CFLAGS) -Iinc -c $< -o $@ && echo "generating object file '$@'"
	

# 1 implicit rules, 0 (0.0%) terminal.

# Files

# Not a target:
inc/vector.hpp:
#  Implicit rule search has been done.
#  Last modified 2021-10-21 18:32:12
#  File has been updated.
#  Successfully updated.
# variable set hash-table stats:
# Load=0/32=0%, Rehash=0, Collisions=0/0=0%

all: main.out
#  Command-line target.
#  Implicit rule search has been done.
#  File does not exist.
#  File has been updated.
#  Needs to be updated (-q is set).
# variable set hash-table stats:
# Load=0/32=0%, Rehash=0, Collisions=0/4=0%

main.out: obj/main.o obj/vector.o
#  Implicit rule search has not been done.
#  Last modified 2021-10-22 13:04:38
#  File has been updated.
#  Needs to be updated (-q is set).
# variable set hash-table stats:
# Load=0/32=0%, Rehash=0, Collisions=0/4=0%
#  commands to execute (from `Makefile', line 15):
	@$(CC) $(CFLAGS) $(OBJ) -o $(NAME) && echo "generating executable file '$@'"
	

.PHONY: clean fclean run re
#  Implicit rule search has not been done.
#  Modification time never checked.
#  File has not been updated.

obj/main.o: src/main.cpp inc/test.hpp inc/vector.hpp
#  Implicit rule search has been done.
#  Implicit/static pattern stem: `main'
#  Last modified 2021-10-22 13:04:38
#  File has been updated.
#  Needs to be updated (-q is set).
# automatic
# @ := obj/main.o
# automatic
# % := 
# automatic
# * := main
# automatic
# + := src/main.cpp inc/test.hpp inc/vector.hpp
# automatic
# | := 
# automatic
# < := src/main.cpp
# automatic
# ^ := src/main.cpp inc/test.hpp inc/vector.hpp
# automatic
# ? := src/main.cpp
# variable set hash-table stats:
# Load=8/32=25%, Rehash=0, Collisions=1/16=6%
#  commands to execute (from `Makefile', line 11):
	@mkdir -pv $(dir $@)
	@$(CC) $(CFLAGS) -Iinc -c $< -o $@ && echo "generating object file '$@'"
	

# Not a target:
.SUFFIXES:
#  Implicit rule search has not been done.
#  Modification time never checked.
#  File has not been updated.

# Not a target:
Makefile:
#  Implicit rule search has been done.
#  Last modified 2021-10-21 12:06:31
#  File has been updated.
#  Successfully updated.
# variable set hash-table stats:
# Load=0/32=0%, Rehash=0, Collisions=0/0=0%

fclean: clean
#  Phony target (prerequisite of .PHONY).
#  Implicit rule search has not been done.
#  File does not exist.
#  File has not been updated.
#  commands to execute (from `Makefile', line 21):
	@rm -vrf $(NAME)
	

# Not a target:
.DEFAULT:
#  Implicit rule search has not been done.
#  Modification time never checked.
#  File has not been updated.

# Not a target:
inc/test.hpp:
#  Implicit rule search has been done.
#  Last modified 2021-10-22 12:52:51
#  File has been updated.
#  Successfully updated.
# variable set hash-table stats:
# Load=0/32=0%, Rehash=0, Collisions=0/0=0%

re: fclean all
#  Phony target (prerequisite of .PHONY).
#  Implicit rule search has not been done.
 
#  File does not exist.
#  File has not been updated.

run: all
#  Phony target (prerequisite of .PHONY).
#  Implicit rule search has not been done.
#  File does not exist.
#  File has not been updated.
#  commands to execute (from `Makefile', line 24):
	@./$(NAME)
	

clean:
#  Phony target (prerequisite of .PHONY).
#  Implicit rule search has not been done.
#  File does not exist.
#  File has not been updated.
#  commands to execute (from `Makefile', line 18):
	@rm -vrf obj
	

# Not a target:
src/main.cpp:
#  Implicit rule search has been done.
#  Last modified 2021-10-22 13:04:59
#  File has been updated.
#  Successfully updated.
# variable set hash-table stats:
# Load=0/32=0%, Rehash=0, Collisions=0/0=0%

# Not a target:
obj/vector.o:
#  Implicit rule search has not been done.
#  Modification time never checked.
#  File has not been updated.

# files hash-table stats:
# Load=15/1024=1%, Rehash=0, Collisions=0/46=0%
# VPATH Search Paths

# No `vpath' search paths.

# No general (`VPATH' variable) search path.

# # of strings in strcache: 1
# # of strcache buffers: 1
# strcache size: total = 4096 / max = 4096 / min = 4096 / avg = 4096
# strcache free: total = 4087 / max = 4087 / min = 4087 / avg = 4087

# Finished Make data base on Fri Oct 22 14:54:38 2021

 
